Using pre-set license
Built from '2020.3/staging' branch; Version is '2020.3.0f1 (c7b5465681fb) revision 13088070'; Using compiler version '192528614'; Build Type 'Release'
OS: 'Windows 10 Pro for Workstations; OS build 19042.985; Version 2009; 64bit' Language: 'es' Physical Memory: 12168 MB
BatchMode: 1, IsHumanControllingUs: 0, StartBugReporterOnCrash: 0, Is64bit: 1, IsPro: 0

 COMMAND LINE ARGUMENTS:
D:\Programas\UnityHub\Editor\2020.3.0f1\Editor\Unity.exe
-adb2
-batchMode
-noUpm
-name
AssetImportWorker0
-projectPath
C:/Users/Asus/Documents/proyectosUnity/VRcard
-logFile
Logs/AssetImportWorker0.log
-srvPort
65072
Successfully changed project path to: C:/Users/Asus/Documents/proyectosUnity/VRcard
C:/Users/Asus/Documents/proyectosUnity/VRcard
Using Asset Import Pipeline V2.
Refreshing native plugins compatible for Editor in 571.51 ms, found 9 plugins.
Preloading 2 native plugins for Editor in 2.22 ms.
Initialize engine version: 2020.3.0f1 (c7b5465681fb)
[Subsystems] Discovering subsystems at path D:/Programas/UnityHub/Editor/2020.3.0f1/Editor/Data/Resources/UnitySubsystems
[Subsystems] Discovering subsystems at path C:/Users/Asus/Documents/proyectosUnity/VRcard/Assets
GfxDevice: creating device client; threaded=0
Direct3D:
    Version:  Direct3D 11.0 [level 11.0]
    Renderer: NVIDIA GeForce 940MX (ID=0x134d)
    Vendor:   
    VRAM:     2010 MB
    Driver:   27.21.14.6647
Initialize mono
Mono path[0] = 'D:/Programas/UnityHub/Editor/2020.3.0f1/Editor/Data/Managed'
Mono path[1] = 'D:/Programas/UnityHub/Editor/2020.3.0f1/Editor/Data/MonoBleedingEdge/lib/mono/unityjit'
Mono config path = 'D:/Programas/UnityHub/Editor/2020.3.0f1/Editor/Data/MonoBleedingEdge/etc'
Using monoOptions --debugger-agent=transport=dt_socket,embedding=1,server=y,suspend=n,address=127.0.0.1:56740
Begin MonoManager ReloadAssembly
Registering precompiled unity dll's ...
Register platform support module: D:/Programas/UnityHub/Editor/2020.3.0f1/Editor/Data/PlaybackEngines/WindowsStandaloneSupport/UnityEditor.WindowsStandalone.Extensions.dll
Registered in 0.046770 seconds.
Native extension for WindowsStandalone target not found
Refreshing native plugins compatible for Editor in 38.77 ms, found 9 plugins.
Preloading 2 native plugins for Editor in 0.20 ms.
Invoked RoslynAnalysisRunner static constructor.
RoslynAnalysisRunner will not be running.
RoslynAnalysisRunner has terminated.
Mono: successfully reloaded assembly
- Completed reload, in  3.383 seconds
Platform modules already initialized, skipping
Registering precompiled user dll's ...
Registered in 0.045918 seconds.
Begin MonoManager ReloadAssembly
Native extension for WindowsStandalone target not found
Refreshing native plugins compatible for Editor in 0.58 ms, found 9 plugins.
Preloading 2 native plugins for Editor in 0.20 ms.
Invoked RoslynAnalysisRunner static constructor.
RoslynAnalysisRunner will not be running.
RoslynAnalysisRunner has terminated.
[XR] OculusXRPlugin: registering subsystems
[XR] Unable to register display lifecyle provider: [1]
[XR] Oculus Input lifecycle provider registered.
[XR] Unable to register input lifecyle provider: [1]
NullReferenceException: Object reference not set to an instance of an object
  at Unity.XR.Oculus.OculusLoader.AssetPathToAbsolutePath (System.String assetPath) [0x00048] in C:\Users\Asus\Documents\proyectosUnity\VRcard\Library\PackageCache\com.unity.xr.oculus@1.8.1\Runtime\OculusLoader.cs:243 
  at Unity.XR.Oculus.OculusLoader.EditorLoadOVRPlugin () [0x0007b] in C:\Users\Asus\Documents\proyectosUnity\VRcard\Library\PackageCache\com.unity.xr.oculus@1.8.1\Runtime\OculusLoader.cs:228 

(Filename: Library/PackageCache/com.unity.xr.oculus@1.8.1/Runtime/OculusLoader.cs Line: 243)

Mono: successfully reloaded assembly
- Completed reload, in  1.772 seconds
Platform modules already initialized, skipping
========================================================================
Worker process is ready to serve import requests
Launched and connected shader compiler UnityShaderCompiler.exe after 0.15 seconds
Refreshing native plugins compatible for Editor in 0.76 ms, found 9 plugins.
Preloading 2 native plugins for Editor in 0.20 ms.
Unloading 1418 Unused Serialized files (Serialized files now loaded: 0)
System memory in use before: 67.6 MB.
System memory in use after: 67.7 MB.

Unloading 39 unused Assets to reduce memory usage. Loaded Objects now: 1834.
Total: 4.368000 ms (FindLiveObjects: 0.393300 ms CreateObjectMapping: 0.539000 ms MarkObjects: 3.281800 ms  DeleteObjects: 0.150900 ms)

========================================================================
Received Import Request.
  path: Assets/ResonanceAudio/Resources
  artifactKey: Guid(5e62eaf0738cf46b1b88449e06eba044) Importer(815301076,1909f56bfc062723c751e8b465ee728b)
Start importing Assets/ResonanceAudio/Resources using Guid(5e62eaf0738cf46b1b88449e06eba044) Importer(815301076,1909f56bfc062723c751e8b465ee728b)  -> (artifact id: '916bf133e6842876c27d289e25390547') in 0.033711 seconds
  Import took 0.036653 seconds .

========================================================================
Received Import Request.
  Time since last request: 0.026862 seconds.
  path: Assets/ResonanceAudio/Resources/ResonanceAudioMixer.mixer
  artifactKey: Guid(248799cb4acba48f7b3ee842a80f788c) Importer(815301076,1909f56bfc062723c751e8b465ee728b)
Start importing Assets/ResonanceAudio/Resources/ResonanceAudioMixer.mixer using Guid(248799cb4acba48f7b3ee842a80f788c) Importer(815301076,1909f56bfc062723c751e8b465ee728b)  -> (artifact id: 'e3cab674468d180733616342b503d3f8') in 0.053677 seconds
  Import took 0.056181 seconds .

========================================================================
Received Import Request.
  Time since last request: 0.000266 seconds.
  path: Assets/ResonanceAudio
  artifactKey: Guid(374606b2ce2f6446e9ca7c6f405e9294) Importer(815301076,1909f56bfc062723c751e8b465ee728b)
Start importing Assets/ResonanceAudio using Guid(374606b2ce2f6446e9ca7c6f405e9294) Importer(815301076,1909f56bfc062723c751e8b465ee728b)  -> (artifact id: '7810021da130b666f5c07c92f7d5d2ef') in 0.002681 seconds
  Import took 0.005666 seconds .

========================================================================
Received Import Request.
  Time since last request: 15.512529 seconds.
  path: Assets/GoogleVR/Demos
  artifactKey: Guid(5c9f6a26bef6644589977da9be4e7a54) Importer(815301076,1909f56bfc062723c751e8b465ee728b)
Start importing Assets/GoogleVR/Demos using Guid(5c9f6a26bef6644589977da9be4e7a54) Importer(815301076,1909f56bfc062723c751e8b465ee728b)  -> (artifact id: 'd52ccbc08cb2e7a61b96673397b6bbac') in 0.020047 seconds
  Import took 0.035578 seconds .

========================================================================
Received Import Request.
  Time since last request: 4.708060 seconds.
  path: Assets/GoogleVR/Demos/Sounds
  artifactKey: Guid(3d729278f721946da995826756ef4d5a) Importer(815301076,1909f56bfc062723c751e8b465ee728b)
Start importing Assets/GoogleVR/Demos/Sounds using Guid(3d729278f721946da995826756ef4d5a) Importer(815301076,1909f56bfc062723c751e8b465ee728b)  -> (artifact id: '137af7c45485b235c97f985e5cac560e') in 0.034128 seconds
  Import took 0.051391 seconds .

========================================================================
Received Import Request.
  Time since last request: 1.314524 seconds.
  path: Assets/GoogleVR/Demos/Sounds/HelloVR
  artifactKey: Guid(803b677f7e8af405b840c081a7856929) Importer(815301076,1909f56bfc062723c751e8b465ee728b)
Start importing Assets/GoogleVR/Demos/Sounds/HelloVR using Guid(803b677f7e8af405b840c081a7856929) Importer(815301076,1909f56bfc062723c751e8b465ee728b)  -> (artifact id: 'c72cd0a100e4c7e8388733dd288c178f') in 0.051218 seconds
  Import took 0.054537 seconds .

========================================================================
Received Import Request.
  Time since last request: 0.026939 seconds.
  path: Assets/GoogleVR/Demos/Sounds/HelloVR/HelloVR_Tone_1.wav
  artifactKey: Guid(f7491bc024d4e4f1f9a6dd7f09558029) Importer(815301076,1909f56bfc062723c751e8b465ee728b)
Start importing Assets/GoogleVR/Demos/Sounds/HelloVR/HelloVR_Tone_1.wav using Guid(f7491bc024d4e4f1f9a6dd7f09558029) Importer(815301076,1909f56bfc062723c751e8b465ee728b)  -> (artifact id: '9629fabe420cc5f16628ecb01644cf25') in 0.620991 seconds
  Import took 0.624260 seconds .

========================================================================
Received Import Request.
  Time since last request: 0.000233 seconds.
  path: Assets/GoogleVR/Demos/Sounds/HelloVR/HelloVR_Tone_3.wav
  artifactKey: Guid(c9ad5fd9c2ab042098d2625d6cde66cd) Importer(815301076,1909f56bfc062723c751e8b465ee728b)
Start importing Assets/GoogleVR/Demos/Sounds/HelloVR/HelloVR_Tone_3.wav using Guid(c9ad5fd9c2ab042098d2625d6cde66cd) Importer(815301076,1909f56bfc062723c751e8b465ee728b)  -> (artifact id: 'b024c378a814eddfed44df8065893fe2') in 0.066838 seconds
  Import took 0.097375 seconds .

========================================================================
Received Import Request.
  Time since last request: 0.000247 seconds.
  path: Assets/GoogleVR/Demos/Sounds/HelloVR/HelloVR_Tone_2.wav
  artifactKey: Guid(f1de4e67910a3493e9ba31c4745c9bfc) Importer(815301076,1909f56bfc062723c751e8b465ee728b)
Start importing Assets/GoogleVR/Demos/Sounds/HelloVR/HelloVR_Tone_2.wav using Guid(f1de4e67910a3493e9ba31c4745c9bfc) Importer(815301076,1909f56bfc062723c751e8b465ee728b)  -> (artifact id: 'dea4431b5bfa6489c79e134f0a6d1ebb') in 0.127987 seconds
  Import took 0.131422 seconds .

========================================================================
Received Import Request.
  Time since last request: 0.313436 seconds.
  path: Assets/GoogleVR/Demos/Sounds/HelloVR/HelloVR_Tone_2.wav
  artifactKey: Guid(f1de4e67910a3493e9ba31c4745c9bfc) Importer(815301076,1909f56bfc062723c751e8b465ee728b)
Start importing Assets/GoogleVR/Demos/Sounds/HelloVR/HelloVR_Tone_2.wav using Guid(f1de4e67910a3493e9ba31c4745c9bfc) Importer(815301076,1909f56bfc062723c751e8b465ee728b)  -> (artifact id: 'dea4431b5bfa6489c79e134f0a6d1ebb') in 0.014489 seconds
  Import took 0.017880 seconds .

========================================================================
Received Prepare
Registering precompiled user dll's ...
Registered in 0.114917 seconds.
Begin MonoManager ReloadAssembly
Native extension for WindowsStandalone target not found
Refreshing native plugins compatible for Editor in 1.56 ms, found 9 plugins.
Preloading 2 native plugins for Editor in 5.81 ms.
Invoked RoslynAnalysisRunner static constructor.
RoslynAnalysisRunner will not be running.
RoslynAnalysisRunner has terminated.
NullReferenceException: Object reference not set to an instance of an object
  at Unity.XR.Oculus.OculusLoader.AssetPathToAbsolutePath (System.String assetPath) [0x00048] in C:\Users\Asus\Documents\proyectosUnity\VRcard\Library\PackageCache\com.unity.xr.oculus@1.8.1\Runtime\OculusLoader.cs:243 
  at Unity.XR.Oculus.OculusLoader.EditorLoadOVRPlugin () [0x0007b] in C:\Users\Asus\Documents\proyectosUnity\VRcard\Library\PackageCache\com.unity.xr.oculus@1.8.1\Runtime\OculusLoader.cs:228 

(Filename: Library/PackageCache/com.unity.xr.oculus@1.8.1/Runtime/OculusLoader.cs Line: 243)

Mono: successfully reloaded assembly
- Completed reload, in  2.954 seconds
Platform modules already initialized, skipping
Switching build target platform(5) subTarget(0) extendedPlatform(0) -> platform(13) subTarget(524288) extendedPlatform(0)
Refreshing native plugins compatible for Editor in 1.62 ms, found 9 plugins.
Preloading 2 native plugins for Editor in 0.34 ms.
Unloading 1387 Unused Serialized files (Serialized files now loaded: 0)
System memory in use before: 69.1 MB.
System memory in use after: 69.1 MB.

Unloading 34 unused Assets to reduce memory usage. Loaded Objects now: 1847.
Total: 6.964400 ms (FindLiveObjects: 0.650700 ms CreateObjectMapping: 0.177500 ms MarkObjects: 5.982500 ms  DeleteObjects: 0.150600 ms)

AssetImportParameters requested are different than current active one (requested -> active):
  custom:graphics/normal-map-encoding: 01000000000000000000000000000000 -> 02000000000000000000000000000000
========================================================================
Received Prepare
Registering precompiled user dll's ...
Registered in 0.032276 seconds.
Begin MonoManager ReloadAssembly
Native extension for WindowsStandalone target not found
Refreshing native plugins compatible for Editor in 0.74 ms, found 9 plugins.
Preloading 2 native plugins for Editor in 0.26 ms.
Invoked RoslynAnalysisRunner static constructor.
RoslynAnalysisRunner will not be running.
RoslynAnalysisRunner has terminated.
NullReferenceException: Object reference not set to an instance of an object
  at Unity.XR.Oculus.OculusLoader.AssetPathToAbsolutePath (System.String assetPath) [0x00048] in C:\Users\Asus\Documents\proyectosUnity\VRcard\Library\PackageCache\com.unity.xr.oculus@1.8.1\Runtime\OculusLoader.cs:243 
  at Unity.XR.Oculus.OculusLoader.EditorLoadOVRPlugin () [0x0007b] in C:\Users\Asus\Documents\proyectosUnity\VRcard\Library\PackageCache\com.unity.xr.oculus@1.8.1\Runtime\OculusLoader.cs:228 

(Filename: Library/PackageCache/com.unity.xr.oculus@1.8.1/Runtime/OculusLoader.cs Line: 243)

Mono: successfully reloaded assembly
- Completed reload, in  1.832 seconds
Platform modules already initialized, skipping
Switching build target platform(5) subTarget(0) extendedPlatform(0) -> platform(13) subTarget(524288) extendedPlatform(0)
Refreshing native plugins compatible for Editor in 0.89 ms, found 9 plugins.
Preloading 2 native plugins for Editor in 0.20 ms.
Unloading 1387 Unused Serialized files (Serialized files now loaded: 0)
System memory in use before: 69.1 MB.
System memory in use after: 69.2 MB.

Unloading 34 unused Assets to reduce memory usage. Loaded Objects now: 1851.
Total: 2.496900 ms (FindLiveObjects: 0.377700 ms CreateObjectMapping: 0.170600 ms MarkObjects: 1.837900 ms  DeleteObjects: 0.107500 ms)

AssetImportParameters requested are different than current active one (requested -> active):
  custom:graphics/normal-map-encoding: 01000000000000000000000000000000 -> 02000000000000000000000000000000
AssetImportWorkerClient::OnTransportError - code=2 error=End of file
